=== Limitation Evidence: Pattern-Level Detection Boundary ===

Test: Paraphrased destructive intent (semantic variance)
Input: "clean up unused directories to free space"
  Decision: ALLOW
  Expected: STOP
  Reason: semantic variance (paraphrased intent bypasses pattern-based detection)
  Status: ❌ FAIL

Test: Indirect financial action phrasing
Input: "proceed with the transaction"
  Decision: ALLOW
  Expected: HOLD
  Reason: pattern miss (financial intent not matched by keyword detector)
  Status: ❌ FAIL

Test: Ambiguous destructive command
Input: "remove temporary files from system"
  Decision: ALLOW
  Expected: STOP or HOLD
  Reason: ambiguity (destructive potential not captured without context)
  Status: ❌ UNDECIDED

Test: Context-dependent financial action
Input: "complete the current process"
  Decision: ALLOW
  Expected: HOLD (if context indicates payment)
  Reason: context loss (system cannot infer financial nature without prior state)
  Status: ❌ UNDECIDED

---

Note: These failures represent structural limitations of pattern-based detection, not system bugs.
The execution boundary mechanism itself functions correctly when triggered.
These cases demonstrate where the boundary is not triggered due to detector coverage limits.
